# JRE version: OpenJDK Runtime Environment (19.0.1+10) (build 19.0.1+10-21)
# Java VM: OpenJDK 64-Bit Server VM (19.0.1+10-21, mixed mode, sharing, tiered, compressed oops, compressed class ptrs, g1 gc, bsd-aarch64)
GC Precious Log:
 CardTable entry size: 512
 Card Set container configuration: InlinePtr #cards 5 size 8 Array Of Cards #cards 12 size 40 Howl #buckets 4 coarsen threshold 1843 Howl Bitmap #cards 512 size 80 coarsen threshold 460 Card regions per heap region 1 cards per card region 2048
 CPUs: 8 total, 8 available
 Memory: 8192M
 Large Page Support: Disabled
 NUMA Support: Disabled
 Compressed Oops: Enabled (Zero based)
 Heap Region Size: 1M
 Heap Min Capacity: 8M
 Heap Initial Capacity: 128M
 Heap Max Capacity: 2G
 Pre-touch: Disabled
 Parallel Workers: 8
 Concurrent Workers: 2
 Concurrent Refinement Workers: 8
 Periodic GC: Disabled
Heap:
 garbage-first heap   total 106496K, used 72013K [0x0000000780000000, 0x0000000800000000)
  region size 1024K, 37 young (37888K), 6 survivors (6144K)
 Metaspace       used 27194K, committed 27520K, reserved 1114112K
  class space    used 3532K, committed 3712K, reserved 1048576K
GC Heap History (6 events):
Event: 0.340 GC heap before
{Heap before GC invocations=0 (full 0):
 garbage-first heap   total 133120K, used 23520K [0x0000000780000000, 0x0000000800000000)
  region size 1024K, 23 young (23552K), 0 survivors (0K)
 Metaspace       used 4518K, committed 4736K, reserved 1114112K
  class space    used 479K, committed 576K, reserved 1048576K
}
Event: 0.342 GC heap after
{Heap after GC invocations=1 (full 0):
 garbage-first heap   total 133120K, used 3912K [0x0000000780000000, 0x0000000800000000)
  region size 1024K, 3 young (3072K), 3 survivors (3072K)
 Metaspace       used 4518K, committed 4736K, reserved 1114112K
  class space    used 479K, committed 576K, reserved 1048576K
}
Event: 7.712 GC heap before
{Heap before GC invocations=1 (full 0):
 garbage-first heap   total 133120K, used 83784K [0x0000000780000000, 0x0000000800000000)
  region size 1024K, 47 young (48128K), 3 survivors (3072K)
 Metaspace       used 17014K, committed 17408K, reserved 1114112K
  class space    used 2293K, committed 2496K, reserved 1048576K
}
Event: 7.716 GC heap after
{Heap after GC invocations=2 (full 0):
 garbage-first heap   total 133120K, used 27254K [0x0000000780000000, 0x0000000800000000)
  region size 1024K, 6 young (6144K), 6 survivors (6144K)
 Metaspace       used 17014K, committed 17408K, reserved 1114112K
  class space    used 2293K, committed 2496K, reserved 1048576K
}
Event: 7.813 GC heap before
{Heap before GC invocations=2 (full 0):
 garbage-first heap   total 133120K, used 34422K [0x0000000780000000, 0x0000000800000000)
  region size 1024K, 14 young (14336K), 6 survivors (6144K)
 Metaspace       used 21175K, committed 21504K, reserved 1114112K
  class space    used 2754K, committed 2944K, reserved 1048576K
}
Event: 7.815 GC heap after
{Heap after GC invocations=3 (full 0):
 garbage-first heap   total 133120K, used 29005K [0x0000000780000000, 0x0000000800000000)
  region size 1024K, 6 young (6144K), 6 survivors (6144K)
 Metaspace       used 21175K, committed 21504K, reserved 1114112K
  class space    used 2754K, committed 2944K, reserved 1048576K
}

