# JRE version: OpenJDK Runtime Environment (19.0.1+10) (build 19.0.1+10-21)
# Java VM: OpenJDK 64-Bit Server VM (19.0.1+10-21, mixed mode, sharing, tiered, compressed oops, compressed class ptrs, g1 gc, bsd-aarch64)
GC Precious Log:
 CardTable entry size: 512
 Card Set container configuration: InlinePtr #cards 5 size 8 Array Of Cards #cards 12 size 40 Howl #buckets 4 coarsen threshold 1843 Howl Bitmap #cards 512 size 80 coarsen threshold 460 Card regions per heap region 1 cards per card region 2048
 CPUs: 8 total, 8 available
 Memory: 8192M
 Large Page Support: Disabled
 NUMA Support: Disabled
 Compressed Oops: Enabled (Zero based)
 Heap Region Size: 1M
 Heap Min Capacity: 8M
 Heap Initial Capacity: 128M
 Heap Max Capacity: 2G
 Pre-touch: Disabled
 Parallel Workers: 8
 Concurrent Workers: 2
 Concurrent Refinement Workers: 8
 Periodic GC: Disabled
Heap:
 garbage-first heap   total 133120K, used 107376K [0x0000000780000000, 0x0000000800000000)
  region size 1024K, 12 young (12288K), 3 survivors (3072K)
 Metaspace       used 24971K, committed 25408K, reserved 1114112K
  class space    used 3184K, committed 3392K, reserved 1048576K
GC Heap History (8 events):
Event: 0.369 GC heap before
{Heap before GC invocations=0 (full 0):
 garbage-first heap   total 133120K, used 24544K [0x0000000780000000, 0x0000000800000000)
  region size 1024K, 23 young (23552K), 0 survivors (0K)
 Metaspace       used 6397K, committed 6592K, reserved 1114112K
  class space    used 746K, committed 832K, reserved 1048576K
}
Event: 0.371 GC heap after
{Heap after GC invocations=1 (full 0):
 garbage-first heap   total 133120K, used 4961K [0x0000000780000000, 0x0000000800000000)
  region size 1024K, 3 young (3072K), 3 survivors (3072K)
 Metaspace       used 6397K, committed 6592K, reserved 1114112K
  class space    used 746K, committed 832K, reserved 1048576K
}
Event: 20.771 GC heap before
{Heap before GC invocations=1 (full 0):
 garbage-first heap   total 133120K, used 98145K [0x0000000780000000, 0x0000000800000000)
  region size 1024K, 44 young (45056K), 3 survivors (3072K)
 Metaspace       used 17482K, committed 17856K, reserved 1114112K
  class space    used 2307K, committed 2496K, reserved 1048576K
}
Event: 20.776 GC heap after
{Heap after GC invocations=2 (full 0):
 garbage-first heap   total 133120K, used 61062K [0x0000000780000000, 0x0000000800000000)
  region size 1024K, 6 young (6144K), 6 survivors (6144K)
 Metaspace       used 17482K, committed 17856K, reserved 1114112K
  class space    used 2307K, committed 2496K, reserved 1048576K
}
Event: 20.850 GC heap before
{Heap before GC invocations=2 (full 0):
 garbage-first heap   total 133120K, used 67206K [0x0000000780000000, 0x0000000800000000)
  region size 1024K, 13 young (13312K), 6 survivors (6144K)
 Metaspace       used 21197K, committed 21504K, reserved 1114112K
  class space    used 2714K, committed 2880K, reserved 1048576K
}
Event: 20.854 GC heap after
{Heap after GC invocations=3 (full 0):
 garbage-first heap   total 133120K, used 62722K [0x0000000780000000, 0x0000000800000000)
  region size 1024K, 2 young (2048K), 2 survivors (2048K)
 Metaspace       used 21197K, committed 21504K, reserved 1114112K
  class space    used 2714K, committed 2880K, reserved 1048576K
}
Event: 20.943 GC heap before
{Heap before GC invocations=4 (full 0):
 garbage-first heap   total 133120K, used 66818K [0x0000000780000000, 0x0000000800000000)
  region size 1024K, 7 young (7168K), 2 survivors (2048K)
 Metaspace       used 24190K, committed 24576K, reserved 1114112K
  class space    used 3080K, committed 3264K, reserved 1048576K
}
Event: 20.944 GC heap after
{Heap after GC invocations=5 (full 0):
 garbage-first heap   total 133120K, used 63344K [0x0000000780000000, 0x0000000800000000)
  region size 1024K, 3 young (3072K), 3 survivors (3072K)
 Metaspace       used 24190K, committed 24576K, reserved 1114112K
  class space    used 3080K, committed 3264K, reserved 1048576K
}

